0 info it worked if it ends with ok
1 verbose cli [ '/usr/local/share/nvm/versions/node/v6.17.1/bin/node',
1 verbose cli   '/home/codespace/nvm/current/bin/npm',
1 verbose cli   'run',
1 verbose cli   'start' ]
2 info using npm@3.10.10
3 info using node@v6.17.1
4 verbose run-script [ 'prestart', 'start', 'poststart' ]
5 info lifecycle express-ejs@0.0.0~prestart: express-ejs@0.0.0
6 silly lifecycle express-ejs@0.0.0~prestart: no script for prestart, continuing
7 info lifecycle express-ejs@0.0.0~start: express-ejs@0.0.0
8 verbose lifecycle express-ejs@0.0.0~start: unsafe-perm in lifecycle true
9 verbose lifecycle express-ejs@0.0.0~start: PATH: /usr/local/share/nvm/versions/node/v6.17.1/lib/node_modules/npm/bin/node-gyp-bin:/workspaces/react-node-socket-ejs-demo/node_modules/.bin:/usr/local/share/nvm/versions/node/v6.17.1/bin:/opt/conda/condabin:/usr/local/rvm/gems/ruby-3.1.4/bin:/usr/local/rvm/gems/ruby-3.1.4@global/bin:/usr/local/rvm/rubies/ruby-3.1.4/bin:/home/codespace/.dotnet:/home/codespace/nvm/current/bin:/home/codespace/.php/current/bin:/home/codespace/.python/current/bin:/home/codespace/java/current/bin:/home/codespace/.ruby/current/bin:/home/codespace/.local/bin:/usr/local/oryx:/usr/local/go/bin:/go/bin:/usr/local/sdkman/bin:/usr/local/sdkman/candidates/java/current/bin:/usr/local/sdkman/candidates/gradle/current/bin:/usr/local/sdkman/candidates/maven/current/bin:/usr/local/sdkman/candidates/ant/current/bin:/usr/local/rvm/gems/default/bin:/usr/local/rvm/gems/default@global/bin:/usr/local/rvm/rubies/default/bin:/usr/local/share/rbenv/bin:/opt/conda/bin:/usr/local/php/current/bin:/usr/local/python/current/bin:/usr/local/py-utils/bin:/usr/local/nvs:/usr/local/share/nvm/versions/node/v6.17.1/bin:/usr/local/hugo/bin:/usr/local/dotnet/current:/usr/local/sbin:/usr/local/bin:/usr/sbin:/usr/bin:/sbin:/bin:/root/.local/bin:/usr/local/rvm/bin
10 verbose lifecycle express-ejs@0.0.0~start: CWD: /workspaces/react-node-socket-ejs-demo
11 silly lifecycle express-ejs@0.0.0~start: Args: [ '-c', 'node ./bin/www' ]
12 silly lifecycle express-ejs@0.0.0~start: Returned: code: 1  signal: null
13 info lifecycle express-ejs@0.0.0~start: Failed to exec start script
14 verbose stack Error: express-ejs@0.0.0 start: `node ./bin/www`
14 verbose stack Exit status 1
14 verbose stack     at EventEmitter.<anonymous> (/usr/local/share/nvm/versions/node/v6.17.1/lib/node_modules/npm/lib/utils/lifecycle.js:255:16)
14 verbose stack     at emitTwo (events.js:106:13)
14 verbose stack     at EventEmitter.emit (events.js:191:7)
14 verbose stack     at ChildProcess.<anonymous> (/usr/local/share/nvm/versions/node/v6.17.1/lib/node_modules/npm/lib/utils/spawn.js:40:14)
14 verbose stack     at emitTwo (events.js:106:13)
14 verbose stack     at ChildProcess.emit (events.js:191:7)
14 verbose stack     at maybeClose (internal/child_process.js:920:16)
14 verbose stack     at Process.ChildProcess._handle.onexit (internal/child_process.js:230:5)
15 verbose pkgid express-ejs@0.0.0
16 verbose cwd /workspaces/react-node-socket-ejs-demo
17 error Linux 5.4.0-1105-azure
18 error argv "/usr/local/share/nvm/versions/node/v6.17.1/bin/node" "/home/codespace/nvm/current/bin/npm" "run" "start"
19 error node v6.17.1
20 error npm  v3.10.10
21 error code ELIFECYCLE
22 error express-ejs@0.0.0 start: `node ./bin/www`
22 error Exit status 1
23 error Failed at the express-ejs@0.0.0 start script 'node ./bin/www'.
23 error Make sure you have the latest version of node.js and npm installed.
23 error If you do, this is most likely a problem with the express-ejs package,
23 error not with npm itself.
23 error Tell the author that this fails on your system:
23 error     node ./bin/www
23 error You can get information on how to open an issue for this project with:
23 error     npm bugs express-ejs
23 error Or if that isn't available, you can get their info via:
23 error     npm owner ls express-ejs
23 error There is likely additional logging output above.
24 verbose exit [ 1, true ]
